Information: License queuing is enabled. (DCSH-18)

                           Design Compiler Graphical 
                                 DC Ultra (TM)
                                  DFTMAX (TM)
                              Power Compiler (TM)
                                 DesignWare (R)
                                 DC Expert (TM)
                               Design Vision (TM)
                               HDL Compiler (TM)
                               VHDL Compiler (TM)
                                  DFT Compiler
                               Design Compiler(R)

               Version M-2016.12-SP2 for linux64 - Feb 23, 2017 

                    Copyright (c) 1988 - 2017 Synopsys, Inc.
   This software and the associated documentation are proprietary to Synopsys,
 Inc. This software may only be used in accordance with the terms and conditions
 of a written license agreement with Synopsys, Inc. All other use, reproduction,
            or distribution of this software is strictly prohibited.
Initializing...
# Simple syhthesis script to use FreePDK/45nm libraries
#
# 
#
file mkdir reports
file mkdir netlist
remove_design -all
1
define_design_lib RAST -path "RAST"
1
#####################
# Config Variables
#####################
# The clock input signal name.
set CLK  "clk"
clk
# The reset input signal name.
set RST  "rst"
rst
set DRIVER_CELL "INV_X1"
INV_X1
set DR_CELL_OUT "ZN"
ZN
#####################
# Path Variables
#####################
set SYN  /cad/synopsys/syn/M-2016.12-SP2/libraries/syn/
/cad/synopsys/syn/M-2016.12-SP2/libraries/syn/
set OPENCELL_45 ../lib/
../lib/
#####################
# Set Design Library
#####################
# OpenCell 45nm Library
set link_library [list NangateOpenCellLibrary.db dw_foundation.sldb]
NangateOpenCellLibrary.db dw_foundation.sldb
set target_library [list NangateOpenCellLibrary.db]
NangateOpenCellLibrary.db
#set link_library { * tcbn45gsbwphvtml.db dw_foundation.sldb}
#set target_library "tcbn45gsbwphvtml.db"
set synthetic_library [list  dw_foundation.sldb]
dw_foundation.sldb
set dw_lib     $SYN
/cad/synopsys/syn/M-2016.12-SP2/libraries/syn/
set sym_lib    $OPENCELL_45
../lib/
set target_lib $OPENCELL_45
../lib/
#set tech_file 
#set mw_reference_library 
#set mw_lib_name 
#set max_tlu_file
#set min_tlu_file
#set prs_map_file
set search_path [list ./ ../rtl/  $dw_lib $target_lib $sym_lib ../params/ ]
./ ../rtl/ /cad/synopsys/syn/M-2016.12-SP2/libraries/syn/ ../lib/ ../lib/ ../params/
#set mv_power_net VDD
#set mw_ground_net VSS
#set mw_logic1_net VDD
#set mw_logic0_net VSS
#set mw_power_port VDD
#set mw_ground_port VSS
#create_mw_lib -technology $tech_file #              -mw_reference_library $mw_reference_library #                                    $mw_lib_name
#open_mw_lib $mw_lib_name 
#report_mw_lib
#set_check_library_options -logic_vs_physical
#check_library
#set_tlu_plus_files -max_tluplus  $max_tlu_file #                   -min_tluplus  $min_tlu_file #                   -tech2itf_map $prs_map_file
#check_tlu_plus_files
###################
# Read Design
###################
analyze -library RAST -format sverilog [glob ${RUNDIR}/params/*.sv ${RUNDIR}/rtl/*.v ${RUNDIR}/rtl/*.sv]
Running PRESTO HDLC
Compiling source file /home/users/jh99/Desktop/ee271/project-part-1/params/rast_params.sv
Compiling source file /home/users/jh99/Desktop/ee271/project-part-1/rtl/DW_pl_reg.v
Compiling source file /home/users/jh99/Desktop/ee271/project-part-1/rtl/sampletest.sv
Warning:  /home/users/jh99/Desktop/ee271/project-part-1/rtl/sampletest.sv:159: The construct 'assert property' is not supported in synthesis; it is ignored. (VER-708)
Compiling source file /home/users/jh99/Desktop/ee271/project-part-1/rtl/dff_retime.sv
Compiling source file /home/users/jh99/Desktop/ee271/project-part-1/rtl/dff.sv
Compiling source file /home/users/jh99/Desktop/ee271/project-part-1/rtl/dff3.sv
Compiling source file /home/users/jh99/Desktop/ee271/project-part-1/rtl/rast.sv
Compiling source file /home/users/jh99/Desktop/ee271/project-part-1/rtl/tree_hash.sv
Compiling source file /home/users/jh99/Desktop/ee271/project-part-1/rtl/bbox.sv
Warning:  /home/users/jh99/Desktop/ee271/project-part-1/rtl/bbox.sv:214: The construct 'assert property' is not supported in synthesis; it is ignored. (VER-708)
Warning:  /home/users/jh99/Desktop/ee271/project-part-1/rtl/bbox.sv:215: The construct 'assert property' is not supported in synthesis; it is ignored. (VER-708)
Warning:  /home/users/jh99/Desktop/ee271/project-part-1/rtl/bbox.sv:216: The construct 'assert property' is not supported in synthesis; it is ignored. (VER-708)
Warning:  /home/users/jh99/Desktop/ee271/project-part-1/rtl/bbox.sv:217: The construct 'assert property' is not supported in synthesis; it is ignored. (VER-708)
Warning:  /home/users/jh99/Desktop/ee271/project-part-1/rtl/bbox.sv:275: The construct 'assert property' is not supported in synthesis; it is ignored. (VER-708)
Warning:  /home/users/jh99/Desktop/ee271/project-part-1/rtl/bbox.sv:276: The construct 'assert property' is not supported in synthesis; it is ignored. (VER-708)
Warning:  /home/users/jh99/Desktop/ee271/project-part-1/rtl/bbox.sv:277: The construct 'assert property' is not supported in synthesis; it is ignored. (VER-708)
Warning:  /home/users/jh99/Desktop/ee271/project-part-1/rtl/bbox.sv:278: The construct 'assert property' is not supported in synthesis; it is ignored. (VER-708)
Warning:  /home/users/jh99/Desktop/ee271/project-part-1/rtl/bbox.sv:312: The construct 'assert property' is not supported in synthesis; it is ignored. (VER-708)
Warning:  /home/users/jh99/Desktop/ee271/project-part-1/rtl/bbox.sv:313: The construct 'assert property' is not supported in synthesis; it is ignored. (VER-708)
Warning:  /home/users/jh99/Desktop/ee271/project-part-1/rtl/bbox.sv:447: The construct 'property' is not supported in synthesis; it is ignored. (VER-708)
Warning:  /home/users/jh99/Desktop/ee271/project-part-1/rtl/bbox.sv:452: The construct 'assert property' is not supported in synthesis; it is ignored. (VER-708)
Warning:  /home/users/jh99/Desktop/ee271/project-part-1/rtl/bbox.sv:453: The construct 'assert property' is not supported in synthesis; it is ignored. (VER-708)
Compiling source file /home/users/jh99/Desktop/ee271/project-part-1/rtl/dff2.sv
Compiling source file /home/users/jh99/Desktop/ee271/project-part-1/rtl/test_iterator.sv
Error:  /home/users/jh99/Desktop/ee271/project-part-1/rtl/test_iterator.sv:256: The symbol 'at_right_edge' is not defined. (VER-956)
Error:  /home/users/jh99/Desktop/ee271/project-part-1/rtl/test_iterator.sv:257: The symbol 'at_top_edge' is not defined. (VER-956)
Error:  /home/users/jh99/Desktop/ee271/project-part-1/rtl/test_iterator.sv:258: The symbol 'at_end_box' is not defined. (VER-956)
Warning:  /home/users/jh99/Desktop/ee271/project-part-1/rtl/test_iterator.sv:339: The construct 'property' is not supported in synthesis; it is ignored. (VER-708)
Compiling source file /home/users/jh99/Desktop/ee271/project-part-1/rtl/hash_jtree.sv
Error:  Cannot recover from previous errors. (VER-518)
*** Presto compilation terminated with 4 errors. ***
Loading db file '/home/users/jh99/Desktop/ee271/project-part-1/lib/NangateOpenCellLibrary.db'
Information: Using CCS timing libraries. (TIM-024)
Loading db file '/afs/ir.stanford.edu/class/ee/synopsys/syn/M-2016.12-SP2/libraries/syn/dw_foundation.sldb'
0
#analyze -library RAST -format sverilog [glob ${RUNDIR}/genesis_synth/*.v]
#
elaborate ${DESIGN_TARGET} -architecture verilog -library RAST
Loading db file '/afs/ir.stanford.edu/class/ee/synopsys/syn/M-2016.12-SP2/libraries/syn/gtech.db'
Loading db file '/afs/ir.stanford.edu/class/ee/synopsys/syn/M-2016.12-SP2/libraries/syn/standard.sldb'
  Loading link library 'NangateOpenCellLibrary'
  Loading link library 'gtech'
Running PRESTO HDLC
Presto compilation completed successfully.
Elaborated 1 design.
Current design is now 'rast'.
Information: Building the design 'bbox' instantiated from design 'rast' with
	the parameters "SIGFIG=24,RADIX=10,VERTS=3,AXIS=3,COLORS=3,PIPE_DEPTH=3". (HDL-193)
Warning:  /home/users/jh99/Desktop/ee271/project-part-1/rtl/bbox.sv:253: signed to unsigned part selection occurs. (VER-318)
Warning:  /home/users/jh99/Desktop/ee271/project-part-1/rtl/bbox.sv:260: signed to unsigned part selection occurs. (VER-318)
Warning:  /home/users/jh99/Desktop/ee271/project-part-1/rtl/bbox.sv:261: signed to unsigned part selection occurs. (VER-318)
Warning:  /home/users/jh99/Desktop/ee271/project-part-1/rtl/bbox.sv:262: signed to unsigned part selection occurs. (VER-318)
Warning:  /home/users/jh99/Desktop/ee271/project-part-1/rtl/bbox.sv:263: signed to unsigned part selection occurs. (VER-318)
Warning:  /home/users/jh99/Desktop/ee271/project-part-1/rtl/bbox.sv:264: signed to unsigned part selection occurs. (VER-318)

Statistics for case statements in always block at line 250 in file
	'/home/users/jh99/Desktop/ee271/project-part-1/rtl/bbox.sv'
===============================================
|           Line           |  full/ parallel  |
===============================================
|           259            |    auto/auto     |
===============================================

Inferred memory devices in process
	in routine bbox_SIGFIG24_RADIX10_VERTS3_AXIS3_COLORS3_PIPE_DEPTH3 line 250 in file
		'/home/users/jh99/Desktop/ee271/project-part-1/rtl/bbox.sv'.
============================================================================
|    Register Name     | Type  | Width | Bus | MB | AR | AS | SR | SS | ST |
============================================================================
| rounded_box_R10S_reg | Latch |  12   |  Y  | N  | N  | N  | -  | -  | -  |
============================================================================
Warning:  /home/users/jh99/Desktop/ee271/project-part-1/rtl/bbox.sv:250: Netlist for always_comb block contains a latch. (ELAB-974)
Warning:  /home/users/jh99/Desktop/ee271/project-part-1/rtl/bbox.sv:250: Netlist for always_comb block contains a latch. (ELAB-974)
Warning:  /home/users/jh99/Desktop/ee271/project-part-1/rtl/bbox.sv:250: Netlist for always_comb block contains a latch. (ELAB-974)
Warning:  /home/users/jh99/Desktop/ee271/project-part-1/rtl/bbox.sv:250: Netlist for always_comb block contains a latch. (ELAB-974)
Presto compilation completed successfully.
Information: Building the design 'test_iterator' instantiated from design 'rast' with
	the parameters "SIGFIG=24,RADIX=10,VERTS=3,AXIS=3,COLORS=3,PIPE_DEPTH=1". (HDL-193)
Warning: Cannot find the design 'test_iterator' in the library 'WORK'. (LBR-1)
Information: Building the design 'hash_jtree' instantiated from design 'rast' with
	the parameters "SIGFIG=24,RADIX=10,VERTS=3,AXIS=3,COLORS=3,PIPE_DEPTH=2". (HDL-193)
Warning: Cannot find the design 'hash_jtree' in the library 'WORK'. (LBR-1)
Information: Building the design 'sampletest' instantiated from design 'rast' with
	the parameters "SIGFIG=24,RADIX=10,VERTS=3,AXIS=3,COLORS=3,PIPE_DEPTH=2". (HDL-193)
Presto compilation completed successfully.
Information: Building the design 'dff3' instantiated from design 'bbox_SIGFIG24_RADIX10_VERTS3_AXIS3_COLORS3_PIPE_DEPTH3' with
	the parameters "WIDTH=24,ARRAY_SIZE1=3,ARRAY_SIZE2=3,PIPE_DEPTH=2,RETIME_STATUS=1". (HDL-193)
Presto compilation completed successfully.
Information: Building the design 'dff2' instantiated from design 'bbox_SIGFIG24_RADIX10_VERTS3_AXIS3_COLORS3_PIPE_DEPTH3' with
	the parameters "WIDTH=24,ARRAY_SIZE=3,PIPE_DEPTH=2,RETIME_STATUS=1". (HDL-193)
Presto compilation completed successfully.
Information: Building the design 'dff3' instantiated from design 'bbox_SIGFIG24_RADIX10_VERTS3_AXIS3_COLORS3_PIPE_DEPTH3' with
	the parameters "WIDTH=24,ARRAY_SIZE1=2,ARRAY_SIZE2=2,PIPE_DEPTH=2,RETIME_STATUS=1". (HDL-193)
Presto compilation completed successfully.
Information: Building the design 'dff_retime' instantiated from design 'bbox_SIGFIG24_RADIX10_VERTS3_AXIS3_COLORS3_PIPE_DEPTH3' with
	the parameters "WIDTH=1,PIPE_DEPTH=2,RETIME_STATUS=1". (HDL-193)
Presto compilation completed successfully.
Information: Building the design 'dff3' instantiated from design 'bbox_SIGFIG24_RADIX10_VERTS3_AXIS3_COLORS3_PIPE_DEPTH3' with
	the parameters "WIDTH=24,ARRAY_SIZE1=3,ARRAY_SIZE2=3,PIPE_DEPTH=1,RETIME_STATUS=0". (HDL-193)
Presto compilation completed successfully.
Information: Building the design 'dff2' instantiated from design 'bbox_SIGFIG24_RADIX10_VERTS3_AXIS3_COLORS3_PIPE_DEPTH3' with
	the parameters "WIDTH=24,ARRAY_SIZE=3,PIPE_DEPTH=1,RETIME_STATUS=0". (HDL-193)
Presto compilation completed successfully.
Information: Building the design 'dff3' instantiated from design 'bbox_SIGFIG24_RADIX10_VERTS3_AXIS3_COLORS3_PIPE_DEPTH3' with
	the parameters "WIDTH=24,ARRAY_SIZE1=2,ARRAY_SIZE2=2,PIPE_DEPTH=1,RETIME_STATUS=0". (HDL-193)
Presto compilation completed successfully.
Information: Building the design 'dff' instantiated from design 'bbox_SIGFIG24_RADIX10_VERTS3_AXIS3_COLORS3_PIPE_DEPTH3' with
	the parameters "WIDTH=1,PIPE_DEPTH=1,RETIME_STATUS=0". (HDL-193)
Presto compilation completed successfully.
Information: Building the design 'dff2' instantiated from design 'sampletest_SIGFIG24_RADIX10_VERTS3_AXIS3_COLORS3_PIPE_DEPTH2' with
	the parameters "WIDTH=24,ARRAY_SIZE=3,PIPE_DEPTH=1,RETIME_STATUS=1". (HDL-193)
Presto compilation completed successfully.
Information: Building the design 'dff_retime' instantiated from design 'sampletest_SIGFIG24_RADIX10_VERTS3_AXIS3_COLORS3_PIPE_DEPTH2' with
	the parameters "WIDTH=1,PIPE_DEPTH=1,RETIME_STATUS=1". (HDL-193)
Presto compilation completed successfully.
Information: Building the design 'dff_retime' instantiated from design 'dff2_WIDTH24_ARRAY_SIZE3_PIPE_DEPTH2_RETIME_STATUS1' with
	the parameters "WIDTH=24,PIPE_DEPTH=2,RETIME_STATUS=1". (HDL-193)
Presto compilation completed successfully.
Information: Building the design 'dff2' instantiated from design 'dff3_WIDTH24_ARRAY_SIZE12_ARRAY_SIZE22_PIPE_DEPTH2_RETIME_STATUS1' with
	the parameters "WIDTH=24,ARRAY_SIZE=2,PIPE_DEPTH=2,RETIME_STATUS=1". (HDL-193)
Presto compilation completed successfully.
Information: Building the design 'dff' instantiated from design 'dff2_WIDTH24_ARRAY_SIZE3_PIPE_DEPTH1_RETIME_STATUS0' with
	the parameters "WIDTH=24,PIPE_DEPTH=1,RETIME_STATUS=0". (HDL-193)
Presto compilation completed successfully.
Information: Building the design 'dff2' instantiated from design 'dff3_WIDTH24_ARRAY_SIZE12_ARRAY_SIZE22_PIPE_DEPTH1_RETIME_STATUS0' with
	the parameters "WIDTH=24,ARRAY_SIZE=2,PIPE_DEPTH=1,RETIME_STATUS=0". (HDL-193)
Presto compilation completed successfully.
Information: Building the design 'dff_retime' instantiated from design 'dff2_WIDTH24_ARRAY_SIZE3_PIPE_DEPTH1_RETIME_STATUS1' with
	the parameters "WIDTH=24,PIPE_DEPTH=1,RETIME_STATUS=1". (HDL-193)
Presto compilation completed successfully.
Information: Building the design 'test_iterator' instantiated from design 'rast' with
	the parameters "SIGFIG=24,RADIX=10,VERTS=3,AXIS=3,COLORS=3,PIPE_DEPTH=1". (HDL-193)
Warning: Cannot find the design 'test_iterator' in the library 'WORK'. (LBR-1)
Information: Building the design 'hash_jtree' instantiated from design 'rast' with
	the parameters "SIGFIG=24,RADIX=10,VERTS=3,AXIS=3,COLORS=3,PIPE_DEPTH=2". (HDL-193)
Warning: Cannot find the design 'hash_jtree' in the library 'WORK'. (LBR-1)
Warning: Unable to resolve reference 'test_iterator' in 'rast'. (LINK-5)
Warning: Unable to resolve reference 'hash_jtree' in 'rast'. (LINK-5)
1
link

  Linking design 'rast'
  Using the following designs and libraries:
  --------------------------------------------------------------------------
  NangateOpenCellLibrary (library) /home/users/jh99/Desktop/ee271/project-part-1/lib/NangateOpenCellLibrary.db
  dw_foundation.sldb (library) /afs/ir.stanford.edu/class/ee/synopsys/syn/M-2016.12-SP2/libraries/syn/dw_foundation.sldb

Information: Building the design 'test_iterator' instantiated from design 'rast' with
	the parameters "SIGFIG=24,RADIX=10,VERTS=3,AXIS=3,COLORS=3,PIPE_DEPTH=1". (HDL-193)
Warning: Cannot find the design 'test_iterator' in the library 'WORK'. (LBR-1)
Information: Building the design 'hash_jtree' instantiated from design 'rast' with
	the parameters "SIGFIG=24,RADIX=10,VERTS=3,AXIS=3,COLORS=3,PIPE_DEPTH=2". (HDL-193)
Warning: Cannot find the design 'hash_jtree' in the library 'WORK'. (LBR-1)
Warning: Unable to resolve reference 'test_iterator' in 'rast'. (LINK-5)
Warning: Unable to resolve reference 'hash_jtree' in 'rast'. (LINK-5)
0
#################################
# Define Design Environment 
#################################
# go here
#################################
# Design Rule Constraints
#################################
# go here
##################################
# Design Optimization Constraints
##################################
# create clock
create_clock $CLK -period $CLK_PERIOD
Information: Building the design 'test_iterator' instantiated from design 'rast' with
	the parameters "SIGFIG=24,RADIX=10,VERTS=3,AXIS=3,COLORS=3,PIPE_DEPTH=1". (HDL-193)
Warning: Cannot find the design 'test_iterator' in the library 'WORK'. (LBR-1)
Information: Building the design 'hash_jtree' instantiated from design 'rast' with
	the parameters "SIGFIG=24,RADIX=10,VERTS=3,AXIS=3,COLORS=3,PIPE_DEPTH=2". (HDL-193)
Warning: Cannot find the design 'hash_jtree' in the library 'WORK'. (LBR-1)
Warning: Unable to resolve reference 'test_iterator' in 'rast'. (LINK-5)
Warning: Unable to resolve reference 'hash_jtree' in 'rast'. (LINK-5)
Warning: Design 'rast' has '2' unresolved references. For more detailed information, use the "link" command. (UID-341)
1
# set output delay and load
set_fanout_load 4 [get_ports "*" -filter {@port_direction == out} ]
1
set_output_delay [ expr $CLK_PERIOD*3/4 ] -clock $CLK  [get_ports "*" -filter {@port_direction == out} ]
Warning: Design 'rast' has '2' unresolved references. For more detailed information, use the "link" command. (UID-341)
1
#set_output_delay [ expr $CLK_PERIOD*1/2 ] -clock $CLK halt_RnnnnL
set_wire_load_model -name 1K_hvratio_1_4
Warning: Design 'rast' has '2' unresolved references. For more detailed information, use the "link" command. (UID-341)
1
set_wire_load_mode top
1
set_max_fanout 4.0 [get_ports "*" -filter {@port_direction != out} ]
1
# set input delay on all input ports except 'clk' and 'rst'
set all_inputs_wo_rst_clk [remove_from_collection [remove_from_collection [all_inputs] [get_port $CLK]] [get_port $RST]]
{tri_R10S[2][2][23] tri_R10S[2][2][22] tri_R10S[2][2][21] tri_R10S[2][2][20] tri_R10S[2][2][19] tri_R10S[2][2][18] tri_R10S[2][2][17] tri_R10S[2][2][16] tri_R10S[2][2][15] tri_R10S[2][2][14] tri_R10S[2][2][13] tri_R10S[2][2][12] tri_R10S[2][2][11] tri_R10S[2][2][10] tri_R10S[2][2][9] tri_R10S[2][2][8] tri_R10S[2][2][7] tri_R10S[2][2][6] tri_R10S[2][2][5] tri_R10S[2][2][4] tri_R10S[2][2][3] tri_R10S[2][2][2] tri_R10S[2][2][1] tri_R10S[2][2][0] tri_R10S[2][1][23] tri_R10S[2][1][22] tri_R10S[2][1][21] tri_R10S[2][1][20] tri_R10S[2][1][19] tri_R10S[2][1][18] tri_R10S[2][1][17] tri_R10S[2][1][16] tri_R10S[2][1][15] tri_R10S[2][1][14] tri_R10S[2][1][13] tri_R10S[2][1][12] tri_R10S[2][1][11] tri_R10S[2][1][10] tri_R10S[2][1][9] tri_R10S[2][1][8] tri_R10S[2][1][7] tri_R10S[2][1][6] tri_R10S[2][1][5] tri_R10S[2][1][4] tri_R10S[2][1][3] tri_R10S[2][1][2] tri_R10S[2][1][1] tri_R10S[2][1][0] tri_R10S[2][0][23] tri_R10S[2][0][22] tri_R10S[2][0][21] tri_R10S[2][0][20] tri_R10S[2][0][19] tri_R10S[2][0][18] tri_R10S[2][0][17] tri_R10S[2][0][16] tri_R10S[2][0][15] tri_R10S[2][0][14] tri_R10S[2][0][13] tri_R10S[2][0][12] tri_R10S[2][0][11] tri_R10S[2][0][10] tri_R10S[2][0][9] tri_R10S[2][0][8] tri_R10S[2][0][7] tri_R10S[2][0][6] tri_R10S[2][0][5] tri_R10S[2][0][4] tri_R10S[2][0][3] tri_R10S[2][0][2] tri_R10S[2][0][1] tri_R10S[2][0][0] tri_R10S[1][2][23] tri_R10S[1][2][22] tri_R10S[1][2][21] tri_R10S[1][2][20] tri_R10S[1][2][19] tri_R10S[1][2][18] tri_R10S[1][2][17] tri_R10S[1][2][16] tri_R10S[1][2][15] tri_R10S[1][2][14] tri_R10S[1][2][13] tri_R10S[1][2][12] tri_R10S[1][2][11] tri_R10S[1][2][10] tri_R10S[1][2][9] tri_R10S[1][2][8] tri_R10S[1][2][7] tri_R10S[1][2][6] tri_R10S[1][2][5] tri_R10S[1][2][4] tri_R10S[1][2][3] tri_R10S[1][2][2] tri_R10S[1][2][1] tri_R10S[1][2][0] tri_R10S[1][1][23] tri_R10S[1][1][22] tri_R10S[1][1][21] tri_R10S[1][1][20] ...}
set_input_delay -clock $CLK [ expr $CLK_PERIOD*3/4 ] $all_inputs_wo_rst_clk
Warning: Design 'rast' has '2' unresolved references. For more detailed information, use the "link" command. (UID-341)
1
set_driving_cell -lib_cell $DRIVER_CELL -pin $DR_CELL_OUT [ get_ports "*" -filter {@port_direction == in} ]
Warning: Design 'rast' has '2' unresolved references. For more detailed information, use the "link" command. (UID-341)
Warning: Design rule attributes from the driving cell will be
	set on the port. (UID-401)
Warning: Design rule attributes from the driving cell will be
	set on the port. (UID-401)
Warning: Design rule attributes from the driving cell will be
	set on the port. (UID-401)
Warning: Design rule attributes from the driving cell will be
	set on the port. (UID-401)
Warning: Design rule attributes from the driving cell will be
	set on the port. (UID-401)
Warning: Design rule attributes from the driving cell will be
	set on the port. (UID-401)
Warning: Design rule attributes from the driving cell will be
	set on the port. (UID-401)
Warning: Design rule attributes from the driving cell will be
	set on the port. (UID-401)
Warning: Design rule attributes from the driving cell will be
	set on the port. (UID-401)
Warning: Design rule attributes from the driving cell will be
	set on the port. (UID-401)
Warning: Design rule attributes from the driving cell will be
	set on the port. (UID-401)
Warning: Design rule attributes from the driving cell will be
	set on the port. (UID-401)
Warning: Design rule attributes from the driving cell will be
	set on the port. (UID-401)
Warning: Design rule attributes from the driving cell will be
	set on the port. (UID-401)
Warning: Design rule attributes from the driving cell will be
	set on the port. (UID-401)
Warning: Design rule attributes from the driving cell will be
	set on the port. (UID-401)
Warning: Design rule attributes from the driving cell will be
	set on the port. (UID-401)
Warning: Design rule attributes from the driving cell will be
	set on the port. (UID-401)
Warning: Design rule attributes from the driving cell will be
	set on the port. (UID-401)
Warning: Design rule attributes from the driving cell will be
	set on the port. (UID-401)
Warning: Design rule attributes from the driving cell will be
	set on the port. (UID-401)
Warning: Design rule attributes from the driving cell will be
	set on the port. (UID-401)
Warning: Design rule attributes from the driving cell will be
	set on the port. (UID-401)
Warning: Design rule attributes from the driving cell will be
	set on the port. (UID-401)
Warning: Design rule attributes from the driving cell will be
	set on the port. (UID-401)
Warning: Design rule attributes from the driving cell will be
	set on the port. (UID-401)
Warning: Design rule attributes from the driving cell will be
	set on the port. (UID-401)
Warning: Design rule attributes from the driving cell will be
	set on the port. (UID-401)
Warning: Design rule attributes from the driving cell will be
	set on the port. (UID-401)
Warning: Design rule attributes from the driving cell will be
	set on the port. (UID-401)
Warning: Design rule attributes from the driving cell will be
	set on the port. (UID-401)
Warning: Design rule attributes from the driving cell will be
	set on the port. (UID-401)
Warning: Design rule attributes from the driving cell will be
	set on the port. (UID-401)
Warning: Design rule attributes from the driving cell will be
	set on the port. (UID-401)
Warning: Design rule attributes from the driving cell will be
	set on the port. (UID-401)
Warning: Design rule attributes from the driving cell will be
	set on the port. (UID-401)
Warning: Design rule attributes from the driving cell will be
	set on the port. (UID-401)
Warning: Design rule attributes from the driving cell will be
	set on the port. (UID-401)
Warning: Design rule attributes from the driving cell will be
	set on the port. (UID-401)
Warning: Design rule attributes from the driving cell will be
	set on the port. (UID-401)
Warning: Design rule attributes from the driving cell will be
	set on the port. (UID-401)
Warning: Design rule attributes from the driving cell will be
	set on the port. (UID-401)
Warning: Design rule attributes from the driving cell will be
	set on the port. (UID-401)
Warning: Design rule attributes from the driving cell will be
	set on the port. (UID-401)
Warning: Design rule attributes from the driving cell will be
	set on the port. (UID-401)
Warning: Design rule attributes from the driving cell will be
	set on the port. (UID-401)
Warning: Design rule attributes from the driving cell will be
	set on the port. (UID-401)
Warning: Design rule attributes from the driving cell will be
	set on the port. (UID-401)
Warning: Design rule attributes from the driving cell will be
	set on the port. (UID-401)
Warning: Design rule attributes from the driving cell will be
	set on the port. (UID-401)
Warning: Design rule attributes from the driving cell will be
	set on the port. (UID-401)
Warning: Design rule attributes from the driving cell will be
	set on the port. (UID-401)
Warning: Design rule attributes from the driving cell will be
	set on the port. (UID-401)
Warning: Design rule attributes from the driving cell will be
	set on the port. (UID-401)
Warning: Design rule attributes from the driving cell will be
	set on the port. (UID-401)
Warning: Design rule attributes from the driving cell will be
	set on the port. (UID-401)
Warning: Design rule attributes from the driving cell will be
	set on the port. (UID-401)
Warning: Design rule attributes from the driving cell will be
	set on the port. (UID-401)
Warning: Design rule attributes from the driving cell will be
	set on the port. (UID-401)
Warning: Design rule attributes from the driving cell will be
	set on the port. (UID-401)
Warning: Design rule attributes from the driving cell will be
	set on the port. (UID-401)
Warning: Design rule attributes from the driving cell will be
	set on the port. (UID-401)
Warning: Design rule attributes from the driving cell will be
	set on the port. (UID-401)
Warning: Design rule attributes from the driving cell will be
	set on the port. (UID-401)
Warning: Design rule attributes from the driving cell will be
	set on the port. (UID-401)
Warning: Design rule attributes from the driving cell will be
	set on the port. (UID-401)
Warning: Design rule attributes from the driving cell will be
	set on the port. (UID-401)
Warning: Design rule attributes from the driving cell will be
	set on the port. (UID-401)
Warning: Design rule attributes from the driving cell will be
	set on the port. (UID-401)
Warning: Design rule attributes from the driving cell will be
	set on the port. (UID-401)
Warning: Design rule attributes from the driving cell will be
	set on the port. (UID-401)
Warning: Design rule attributes from the driving cell will be
	set on the port. (UID-401)
Warning: Design rule attributes from the driving cell will be
	set on the port. (UID-401)
Warning: Design rule attributes from the driving cell will be
	set on the port. (UID-401)
Warning: Design rule attributes from the driving cell will be
	set on the port. (UID-401)
Warning: Design rule attributes from the driving cell will be
	set on the port. (UID-401)
Warning: Design rule attributes from the driving cell will be
	set on the port. (UID-401)
Warning: Design rule attributes from the driving cell will be
	set on the port. (UID-401)
Warning: Design rule attributes from the driving cell will be
	set on the port. (UID-401)
Warning: Design rule attributes from the driving cell will be
	set on the port. (UID-401)
Warning: Design rule attributes from the driving cell will be
	set on the port. (UID-401)
Warning: Design rule attributes from the driving cell will be
	set on the port. (UID-401)
Warning: Design rule attributes from the driving cell will be
	set on the port. (UID-401)
Warning: Design rule attributes from the driving cell will be
	set on the port. (UID-401)
Warning: Design rule attributes from the driving cell will be
	set on the port. (UID-401)
Warning: Design rule attributes from the driving cell will be
	set on the port. (UID-401)
Warning: Design rule attributes from the driving cell will be
	set on the port. (UID-401)
Warning: Design rule attributes from the driving cell will be
	set on the port. (UID-401)
Warning: Design rule attributes from the driving cell will be
	set on the port. (UID-401)
Warning: Design rule attributes from the driving cell will be
	set on the port. (UID-401)
Warning: Design rule attributes from the driving cell will be
	set on the port. (UID-401)
Warning: Design rule attributes from the driving cell will be
	set on the port. (UID-401)
Warning: Design rule attributes from the driving cell will be
	set on the port. (UID-401)
Warning: Design rule attributes from the driving cell will be
	set on the port. (UID-401)
Warning: Design rule attributes from the driving cell will be
	set on the port. (UID-401)
Warning: Design rule attributes from the driving cell will be
	set on the port. (UID-401)
Warning: Design rule attributes from the driving cell will be
	set on the port. (UID-401)
Warning: Design rule attributes from the driving cell will be
	set on the port. (UID-401)
Warning: Design rule attributes from the driving cell will be
	set on the port. (UID-401)
Warning: Design rule attributes from the driving cell will be
	set on the port. (UID-401)
Warning: Design rule attributes from the driving cell will be
	set on the port. (UID-401)
Warning: Design rule attributes from the driving cell will be
	set on the port. (UID-401)
Warning: Design rule attributes from the driving cell will be
	set on the port. (UID-401)
Warning: Design rule attributes from the driving cell will be
	set on the port. (UID-401)
Warning: Design rule attributes from the driving cell will be
	set on the port. (UID-401)
Warning: Design rule attributes from the driving cell will be
	set on the port. (UID-401)
Warning: Design rule attributes from the driving cell will be
	set on the port. (UID-401)
Warning: Design rule attributes from the driving cell will be
	set on the port. (UID-401)
Warning: Design rule attributes from the driving cell will be
	set on the port. (UID-401)
Warning: Design rule attributes from the driving cell will be
	set on the port. (UID-401)
Warning: Design rule attributes from the driving cell will be
	set on the port. (UID-401)
Warning: Design rule attributes from the driving cell will be
	set on the port. (UID-401)
Warning: Design rule attributes from the driving cell will be
	set on the port. (UID-401)
Warning: Design rule attributes from the driving cell will be
	set on the port. (UID-401)
Warning: Design rule attributes from the driving cell will be
	set on the port. (UID-401)
Warning: Design rule attributes from the driving cell will be
	set on the port. (UID-401)
Warning: Design rule attributes from the driving cell will be
	set on the port. (UID-401)
Warning: Design rule attributes from the driving cell will be
	set on the port. (UID-401)
Warning: Design rule attributes from the driving cell will be
	set on the port. (UID-401)
Warning: Design rule attributes from the driving cell will be
	set on the port. (UID-401)
Warning: Design rule attributes from the driving cell will be
	set on the port. (UID-401)
Warning: Design rule attributes from the driving cell will be
	set on the port. (UID-401)
Warning: Design rule attributes from the driving cell will be
	set on the port. (UID-401)
Warning: Design rule attributes from the driving cell will be
	set on the port. (UID-401)
Warning: Design rule attributes from the driving cell will be
	set on the port. (UID-401)
Warning: Design rule attributes from the driving cell will be
	set on the port. (UID-401)
Warning: Design rule attributes from the driving cell will be
	set on the port. (UID-401)
Warning: Design rule attributes from the driving cell will be
	set on the port. (UID-401)
Warning: Design rule attributes from the driving cell will be
	set on the port. (UID-401)
Warning: Design rule attributes from the driving cell will be
	set on the port. (UID-401)
Warning: Design rule attributes from the driving cell will be
	set on the port. (UID-401)
Warning: Design rule attributes from the driving cell will be
	set on the port. (UID-401)
Warning: Design rule attributes from the driving cell will be
	set on the port. (UID-401)
Warning: Design rule attributes from the driving cell will be
	set on the port. (UID-401)
Warning: Design rule attributes from the driving cell will be
	set on the port. (UID-401)
Warning: Design rule attributes from the driving cell will be
	set on the port. (UID-401)
Warning: Design rule attributes from the driving cell will be
	set on the port. (UID-401)
Warning: Design rule attributes from the driving cell will be
	set on the port. (UID-401)
Warning: Design rule attributes from the driving cell will be
	set on the port. (UID-401)
Warning: Design rule attributes from the driving cell will be
	set on the port. (UID-401)
Warning: Design rule attributes from the driving cell will be
	set on the port. (UID-401)
Warning: Design rule attributes from the driving cell will be
	set on the port. (UID-401)
Warning: Design rule attributes from the driving cell will be
	set on the port. (UID-401)
Warning: Design rule attributes from the driving cell will be
	set on the port. (UID-401)
Warning: Design rule attributes from the driving cell will be
	set on the port. (UID-401)
Warning: Design rule attributes from the driving cell will be
	set on the port. (UID-401)
Warning: Design rule attributes from the driving cell will be
	set on the port. (UID-401)
Warning: Design rule attributes from the driving cell will be
	set on the port. (UID-401)
Warning: Design rule attributes from the driving cell will be
	set on the port. (UID-401)
Warning: Design rule attributes from the driving cell will be
	set on the port. (UID-401)
Warning: Design rule attributes from the driving cell will be
	set on the port. (UID-401)
Warning: Design rule attributes from the driving cell will be
	set on the port. (UID-401)
Warning: Design rule attributes from the driving cell will be
	set on the port. (UID-401)
Warning: Design rule attributes from the driving cell will be
	set on the port. (UID-401)
Warning: Design rule attributes from the driving cell will be
	set on the port. (UID-401)
Warning: Design rule attributes from the driving cell will be
	set on the port. (UID-401)
Warning: Design rule attributes from the driving cell will be
	set on the port. (UID-401)
Warning: Design rule attributes from the driving cell will be
	set on the port. (UID-401)
Warning: Design rule attributes from the driving cell will be
	set on the port. (UID-401)
Warning: Design rule attributes from the driving cell will be
	set on the port. (UID-401)
Warning: Design rule attributes from the driving cell will be
	set on the port. (UID-401)
Warning: Design rule attributes from the driving cell will be
	set on the port. (UID-401)
Warning: Design rule attributes from the driving cell will be
	set on the port. (UID-401)
Warning: Design rule attributes from the driving cell will be
	set on the port. (UID-401)
Warning: Design rule attributes from the driving cell will be
	set on the port. (UID-401)
Warning: Design rule attributes from the driving cell will be
	set on the port. (UID-401)
Warning: Design rule attributes from the driving cell will be
	set on the port. (UID-401)
Warning: Design rule attributes from the driving cell will be
	set on the port. (UID-401)
Warning: Design rule attributes from the driving cell will be
	set on the port. (UID-401)
Warning: Design rule attributes from the driving cell will be
	set on the port. (UID-401)
Warning: Design rule attributes from the driving cell will be
	set on the port. (UID-401)
Warning: Design rule attributes from the driving cell will be
	set on the port. (UID-401)
Warning: Design rule attributes from the driving cell will be
	set on the port. (UID-401)
Warning: Design rule attributes from the driving cell will be
	set on the port. (UID-401)
Warning: Design rule attributes from the driving cell will be
	set on the port. (UID-401)
Warning: Design rule attributes from the driving cell will be
	set on the port. (UID-401)
Warning: Design rule attributes from the driving cell will be
	set on the port. (UID-401)
Warning: Design rule attributes from the driving cell will be
	set on the port. (UID-401)
Warning: Design rule attributes from the driving cell will be
	set on the port. (UID-401)
Warning: Design rule attributes from the driving cell will be
	set on the port. (UID-401)
Warning: Design rule attributes from the driving cell will be
	set on the port. (UID-401)
Warning: Design rule attributes from the driving cell will be
	set on the port. (UID-401)
Warning: Design rule attributes from the driving cell will be
	set on the port. (UID-401)
Warning: Design rule attributes from the driving cell will be
	set on the port. (UID-401)
Warning: Design rule attributes from the driving cell will be
	set on the port. (UID-401)
Warning: Design rule attributes from the driving cell will be
	set on the port. (UID-401)
Warning: Design rule attributes from the driving cell will be
	set on the port. (UID-401)
Warning: Design rule attributes from the driving cell will be
	set on the port. (UID-401)
Warning: Design rule attributes from the driving cell will be
	set on the port. (UID-401)
Warning: Design rule attributes from the driving cell will be
	set on the port. (UID-401)
Warning: Design rule attributes from the driving cell will be
	set on the port. (UID-401)
Warning: Design rule attributes from the driving cell will be
	set on the port. (UID-401)
Warning: Design rule attributes from the driving cell will be
	set on the port. (UID-401)
Warning: Design rule attributes from the driving cell will be
	set on the port. (UID-401)
Warning: Design rule attributes from the driving cell will be
	set on the port. (UID-401)
Warning: Design rule attributes from the driving cell will be
	set on the port. (UID-401)
Warning: Design rule attributes from the driving cell will be
	set on the port. (UID-401)
Warning: Design rule attributes from the driving cell will be
	set on the port. (UID-401)
Warning: Design rule attributes from the driving cell will be
	set on the port. (UID-401)
Warning: Design rule attributes from the driving cell will be
	set on the port. (UID-401)
Warning: Design rule attributes from the driving cell will be
	set on the port. (UID-401)
Warning: Design rule attributes from the driving cell will be
	set on the port. (UID-401)
Warning: Design rule attributes from the driving cell will be
	set on the port. (UID-401)
Warning: Design rule attributes from the driving cell will be
	set on the port. (UID-401)
Warning: Design rule attributes from the driving cell will be
	set on the port. (UID-401)
Warning: Design rule attributes from the driving cell will be
	set on the port. (UID-401)
Warning: Design rule attributes from the driving cell will be
	set on the port. (UID-401)
Warning: Design rule attributes from the driving cell will be
	set on the port. (UID-401)
Warning: Design rule attributes from the driving cell will be
	set on the port. (UID-401)
Warning: Design rule attributes from the driving cell will be
	set on the port. (UID-401)
Warning: Design rule attributes from the driving cell will be
	set on the port. (UID-401)
Warning: Design rule attributes from the driving cell will be
	set on the port. (UID-401)
Warning: Design rule attributes from the driving cell will be
	set on the port. (UID-401)
Warning: Design rule attributes from the driving cell will be
	set on the port. (UID-401)
Warning: Design rule attributes from the driving cell will be
	set on the port. (UID-401)
Warning: Design rule attributes from the driving cell will be
	set on the port. (UID-401)
Warning: Design rule attributes from the driving cell will be
	set on the port. (UID-401)
Warning: Design rule attributes from the driving cell will be
	set on the port. (UID-401)
Warning: Design rule attributes from the driving cell will be
	set on the port. (UID-401)
Warning: Design rule attributes from the driving cell will be
	set on the port. (UID-401)
Warning: Design rule attributes from the driving cell will be
	set on the port. (UID-401)
Warning: Design rule attributes from the driving cell will be
	set on the port. (UID-401)
Warning: Design rule attributes from the driving cell will be
	set on the port. (UID-401)
Warning: Design rule attributes from the driving cell will be
	set on the port. (UID-401)
Warning: Design rule attributes from the driving cell will be
	set on the port. (UID-401)
Warning: Design rule attributes from the driving cell will be
	set on the port. (UID-401)
Warning: Design rule attributes from the driving cell will be
	set on the port. (UID-401)
Warning: Design rule attributes from the driving cell will be
	set on the port. (UID-401)
Warning: Design rule attributes from the driving cell will be
	set on the port. (UID-401)
Warning: Design rule attributes from the driving cell will be
	set on the port. (UID-401)
Warning: Design rule attributes from the driving cell will be
	set on the port. (UID-401)
Warning: Design rule attributes from the driving cell will be
	set on the port. (UID-401)
Warning: Design rule attributes from the driving cell will be
	set on the port. (UID-401)
Warning: Design rule attributes from the driving cell will be
	set on the port. (UID-401)
Warning: Design rule attributes from the driving cell will be
	set on the port. (UID-401)
Warning: Design rule attributes from the driving cell will be
	set on the port. (UID-401)
Warning: Design rule attributes from the driving cell will be
	set on the port. (UID-401)
Warning: Design rule attributes from the driving cell will be
	set on the port. (UID-401)
Warning: Design rule attributes from the driving cell will be
	set on the port. (UID-401)
Warning: Design rule attributes from the driving cell will be
	set on the port. (UID-401)
Warning: Design rule attributes from the driving cell will be
	set on the port. (UID-401)
Warning: Design rule attributes from the driving cell will be
	set on the port. (UID-401)
Warning: Design rule attributes from the driving cell will be
	set on the port. (UID-401)
Warning: Design rule attributes from the driving cell will be
	set on the port. (UID-401)
Warning: Design rule attributes from the driving cell will be
	set on the port. (UID-401)
Warning: Design rule attributes from the driving cell will be
	set on the port. (UID-401)
Warning: Design rule attributes from the driving cell will be
	set on the port. (UID-401)
Warning: Design rule attributes from the driving cell will be
	set on the port. (UID-401)
Warning: Design rule attributes from the driving cell will be
	set on the port. (UID-401)
Warning: Design rule attributes from the driving cell will be
	set on the port. (UID-401)
Warning: Design rule attributes from the driving cell will be
	set on the port. (UID-401)
Warning: Design rule attributes from the driving cell will be
	set on the port. (UID-401)
Warning: Design rule attributes from the driving cell will be
	set on the port. (UID-401)
Warning: Design rule attributes from the driving cell will be
	set on the port. (UID-401)
Warning: Design rule attributes from the driving cell will be
	set on the port. (UID-401)
Warning: Design rule attributes from the driving cell will be
	set on the port. (UID-401)
Warning: Design rule attributes from the driving cell will be
	set on the port. (UID-401)
Warning: Design rule attributes from the driving cell will be
	set on the port. (UID-401)
Warning: Design rule attributes from the driving cell will be
	set on the port. (UID-401)
Warning: Design rule attributes from the driving cell will be
	set on the port. (UID-401)
Warning: Design rule attributes from the driving cell will be
	set on the port. (UID-401)
Warning: Design rule attributes from the driving cell will be
	set on the port. (UID-401)
Warning: Design rule attributes from the driving cell will be
	set on the port. (UID-401)
Warning: Design rule attributes from the driving cell will be
	set on the port. (UID-401)
Warning: Design rule attributes from the driving cell will be
	set on the port. (UID-401)
Warning: Design rule attributes from the driving cell will be
	set on the port. (UID-401)
Warning: Design rule attributes from the driving cell will be
	set on the port. (UID-401)
Warning: Design rule attributes from the driving cell will be
	set on the port. (UID-401)
Warning: Design rule attributes from the driving cell will be
	set on the port. (UID-401)
Warning: Design rule attributes from the driving cell will be
	set on the port. (UID-401)
Warning: Design rule attributes from the driving cell will be
	set on the port. (UID-401)
Warning: Design rule attributes from the driving cell will be
	set on the port. (UID-401)
Warning: Design rule attributes from the driving cell will be
	set on the port. (UID-401)
Warning: Design rule attributes from the driving cell will be
	set on the port. (UID-401)
Warning: Design rule attributes from the driving cell will be
	set on the port. (UID-401)
Warning: Design rule attributes from the driving cell will be
	set on the port. (UID-401)
Warning: Design rule attributes from the driving cell will be
	set on the port. (UID-401)
Warning: Design rule attributes from the driving cell will be
	set on the port. (UID-401)
Warning: Design rule attributes from the driving cell will be
	set on the port. (UID-401)
Warning: Design rule attributes from the driving cell will be
	set on the port. (UID-401)
Warning: Design rule attributes from the driving cell will be
	set on the port. (UID-401)
Warning: Design rule attributes from the driving cell will be
	set on the port. (UID-401)
Warning: Design rule attributes from the driving cell will be
	set on the port. (UID-401)
Warning: Design rule attributes from the driving cell will be
	set on the port. (UID-401)
Warning: Design rule attributes from the driving cell will be
	set on the port. (UID-401)
Warning: Design rule attributes from the driving cell will be
	set on the port. (UID-401)
Warning: Design rule attributes from the driving cell will be
	set on the port. (UID-401)
Warning: Design rule attributes from the driving cell will be
	set on the port. (UID-401)
Warning: Design rule attributes from the driving cell will be
	set on the port. (UID-401)
Warning: Design rule attributes from the driving cell will be
	set on the port. (UID-401)
Warning: Design rule attributes from the driving cell will be
	set on the port. (UID-401)
Warning: Design rule attributes from the driving cell will be
	set on the port. (UID-401)
Warning: Design rule attributes from the driving cell will be
	set on the port. (UID-401)
Warning: Design rule attributes from the driving cell will be
	set on the port. (UID-401)
Warning: Design rule attributes from the driving cell will be
	set on the port. (UID-401)
Warning: Design rule attributes from the driving cell will be
	set on the port. (UID-401)
Warning: Design rule attributes from the driving cell will be
	set on the port. (UID-401)
Warning: Design rule attributes from the driving cell will be
	set on the port. (UID-401)
Warning: Design rule attributes from the driving cell will be
	set on the port. (UID-401)
Warning: Design rule attributes from the driving cell will be
	set on the port. (UID-401)
Warning: Design rule attributes from the driving cell will be
	set on the port. (UID-401)
Warning: Design rule attributes from the driving cell will be
	set on the port. (UID-401)
Warning: Design rule attributes from the driving cell will be
	set on the port. (UID-401)
Warning: Design rule attributes from the driving cell will be
	set on the port. (UID-401)
Warning: Design rule attributes from the driving cell will be
	set on the port. (UID-401)
Warning: Design rule attributes from the driving cell will be
	set on the port. (UID-401)
Warning: Design rule attributes from the driving cell will be
	set on the port. (UID-401)
Warning: Design rule attributes from the driving cell will be
	set on the port. (UID-401)
Warning: Design rule attributes from the driving cell will be
	set on the port. (UID-401)
Warning: Design rule attributes from the driving cell will be
	set on the port. (UID-401)
Warning: Design rule attributes from the driving cell will be
	set on the port. (UID-401)
Warning: Design rule attributes from the driving cell will be
	set on the port. (UID-401)
Warning: Design rule attributes from the driving cell will be
	set on the port. (UID-401)
Warning: Design rule attributes from the driving cell will be
	set on the port. (UID-401)
Warning: Design rule attributes from the driving cell will be
	set on the port. (UID-401)
Warning: Design rule attributes from the driving cell will be
	set on the port. (UID-401)
Warning: Design rule attributes from the driving cell will be
	set on the port. (UID-401)
Warning: Design rule attributes from the driving cell will be
	set on the port. (UID-401)
Warning: Design rule attributes from the driving cell will be
	set on the port. (UID-401)
Warning: Design rule attributes from the driving cell will be
	set on the port. (UID-401)
Warning: Design rule attributes from the driving cell will be
	set on the port. (UID-401)
Warning: Design rule attributes from the driving cell will be
	set on the port. (UID-401)
Warning: Design rule attributes from the driving cell will be
	set on the port. (UID-401)
Warning: Design rule attributes from the driving cell will be
	set on the port. (UID-401)
Warning: Design rule attributes from the driving cell will be
	set on the port. (UID-401)
Warning: Design rule attributes from the driving cell will be
	set on the port. (UID-401)
Warning: Design rule attributes from the driving cell will be
	set on the port. (UID-401)
Warning: Design rule attributes from the driving cell will be
	set on the port. (UID-401)
Warning: Design rule attributes from the driving cell will be
	set on the port. (UID-401)
Warning: Design rule attributes from the driving cell will be
	set on the port. (UID-401)
Warning: Design rule attributes from the driving cell will be
	set on the port. (UID-401)
Warning: Design rule attributes from the driving cell will be
	set on the port. (UID-401)
Warning: Design rule attributes from the driving cell will be
	set on the port. (UID-401)
Warning: Design rule attributes from the driving cell will be
	set on the port. (UID-401)
Warning: Design rule attributes from the driving cell will be
	set on the port. (UID-401)
Warning: Design rule attributes from the driving cell will be
	set on the port. (UID-401)
Warning: Design rule attributes from the driving cell will be
	set on the port. (UID-401)
Warning: Design rule attributes from the driving cell will be
	set on the port. (UID-401)
Warning: Design rule attributes from the driving cell will be
	set on the port. (UID-401)
Warning: Design rule attributes from the driving cell will be
	set on the port. (UID-401)
Warning: Design rule attributes from the driving cell will be
	set on the port. (UID-401)
Warning: Design rule attributes from the driving cell will be
	set on the port. (UID-401)
Warning: Design rule attributes from the driving cell will be
	set on the port. (UID-401)
1
# set no input delay on control ports
set_input_delay -clock $CLK 0 screen_RnnnnS
Warning: Design 'rast' has '2' unresolved references. For more detailed information, use the "link" command. (UID-341)
1
set_input_delay -clock $CLK 0 subSample_RnnnnU
Warning: Design 'rast' has '2' unresolved references. For more detailed information, use the "link" command. (UID-341)
1
# set target die area
set_max_area $TARGET_AREA
1
# set DC don't touch reset network
remove_driving_cell $RST
Warning: Design 'rast' has '2' unresolved references. For more detailed information, use the "link" command. (UID-341)
1
set_drive 0 $RST
Warning: Design 'rast' has '2' unresolved references. For more detailed information, use the "link" command. (UID-341)
1
set_dont_touch_network $RST
Warning: Design 'rast' has '2' unresolved references. For more detailed information, use the "link" command. (UID-341)
1
##########################################
# Synthesize Design (Optimize for Timing)
##########################################
#set power analysis
#set_power_prediction
set_optimize_registers true -design ${DESIGN_TARGET}
1
compile_ultra -retime -timing_high_effort_script
Warning: Design 'rast' has '2' unresolved references. For more detailed information, use the "link" command. (UID-341)
Warning: The -timing_high_effort_script option is ignored.  (OPT-1342)
Information: Performing power optimization. (PWR-850)
Analyzing: "/home/users/jh99/Desktop/ee271/project-part-1/lib/NangateOpenCellLibrary.db"
Library analysis succeeded.
Information: Evaluating DesignWare library utilization. (UISN-27)

============================================================================
| DesignWare Building Block Library  |         Version         | Available |
============================================================================
| Basic DW Building Blocks           | M-2016.12-DWBB_201612.2 |     *     |
| Licensed DW Building Blocks        | M-2016.12-DWBB_201612.2 |     *     |
============================================================================

Information: Sequential output inversion is enabled.  SVF file must be used for formal verification. (OPT-1208)
Information: Retiming is enabled. SVF file must be used for formal verification. (OPT-1210)

Information: There are 449 potential problems in your design. Please run 'check_design' for more information. (LINT-99)

Information: Uniquified 4 instances of design 'dff2_WIDTH24_ARRAY_SIZE3_PIPE_DEPTH2_RETIME_STATUS1'. (OPT-1056)
Information: Uniquified 6 instances of design 'dff2_WIDTH24_ARRAY_SIZE3_PIPE_DEPTH1_RETIME_STATUS0'. (OPT-1056)
Information: Uniquified 2 instances of design 'dff_WIDTH1_PIPE_DEPTH1_RETIME_STATUS0'. (OPT-1056)
Information: Uniquified 2 instances of design 'dff2_WIDTH24_ARRAY_SIZE3_PIPE_DEPTH1_RETIME_STATUS1'. (OPT-1056)
Information: Uniquified 16 instances of design 'dff_retime_WIDTH24_PIPE_DEPTH2_RETIME_STATUS1'. (OPT-1056)
Information: Uniquified 2 instances of design 'dff2_WIDTH24_ARRAY_SIZE2_PIPE_DEPTH2_RETIME_STATUS1'. (OPT-1056)
Information: Uniquified 22 instances of design 'dff_WIDTH24_PIPE_DEPTH1_RETIME_STATUS0'. (OPT-1056)
Information: Uniquified 2 instances of design 'dff2_WIDTH24_ARRAY_SIZE2_PIPE_DEPTH1_RETIME_STATUS0'. (OPT-1056)
Information: Uniquified 6 instances of design 'dff_retime_WIDTH24_PIPE_DEPTH1_RETIME_STATUS1'. (OPT-1056)
  Simplifying Design 'rast'

Information: Building the design 'test_iterator' instantiated from design 'rast' with
	the parameters "SIGFIG=24,RADIX=10,VERTS=3,AXIS=3,COLORS=3,PIPE_DEPTH=1". (HDL-193)
Warning: Cannot find the design 'test_iterator' in the library 'WORK'. (LBR-1)
Information: Building the design 'hash_jtree' instantiated from design 'rast' with
	the parameters "SIGFIG=24,RADIX=10,VERTS=3,AXIS=3,COLORS=3,PIPE_DEPTH=2". (HDL-193)
Warning: Cannot find the design 'hash_jtree' in the library 'WORK'. (LBR-1)
Warning: Unable to resolve reference 'test_iterator' in 'rast'. (LINK-5)
Warning: Unable to resolve reference 'hash_jtree' in 'rast'. (LINK-5)
Loaded alib file './alib-52/NangateOpenCellLibrary.db.alib'
  Building model 'DW01_NAND2'
Information: Ungrouping hierarchy bbox/d_bbx_r1 before Pass 1 (OPT-776)
Information: Ungrouping hierarchy bbox/d_bbx_r2 before Pass 1 (OPT-776)
Information: Ungrouping hierarchy bbox/d_bbx_r3 before Pass 1 (OPT-776)
Information: Ungrouping hierarchy bbox/d_bbx_f1 before Pass 1 (OPT-776)
Information: Ungrouping hierarchy bbox/d_bbx_f2 before Pass 1 (OPT-776)
Information: Ungrouping hierarchy bbox/d_bbx_f3 before Pass 1 (OPT-776)
Information: Ungrouping hierarchy sampletest/d_samp_r1 before Pass 1 (OPT-776)
Information: Ungrouping hierarchy sampletest/d_samp_f2 before Pass 1 (OPT-776)
Information: Ungrouping hierarchy sampletest/d_samp_f1 before Pass 1 (OPT-776)
Information: Ungrouping hierarchy sampletest/d_samp_r2 before Pass 1 (OPT-776)
Information: Ungrouping hierarchy bbox/d_bbx_r3/genblk1[0].dff_arr before Pass 1 (OPT-776)
Information: Ungrouping hierarchy bbox/d_bbx_f3/genblk1[0].dff_arr before Pass 1 (OPT-776)
Information: Ungrouping hierarchy bbox/d_bbx_r1/genblk1[2].dff_arr before Pass 1 (OPT-776)
Information: Ungrouping hierarchy bbox/d_bbx_r1/genblk1[1].dff_arr before Pass 1 (OPT-776)
Information: Ungrouping hierarchy bbox/d_bbx_r1/genblk1[0].dff_arr before Pass 1 (OPT-776)
Information: Ungrouping hierarchy bbox/d_bbx_f1/genblk1[2].dff_arr before Pass 1 (OPT-776)
Information: Ungrouping hierarchy bbox/d_bbx_f1/genblk1[1].dff_arr before Pass 1 (OPT-776)
Information: Ungrouping hierarchy bbox/d_bbx_f1/genblk1[0].dff_arr before Pass 1 (OPT-776)
Information: Ungrouping hierarchy bbox/d_bbx_r3/genblk1[1].dff_arr before Pass 1 (OPT-776)
Information: Ungrouping hierarchy bbox/d_bbx_f3/genblk1[1].dff_arr before Pass 1 (OPT-776)
Information: Ungrouping 20 of 71 hierarchies before Pass 1 (OPT-775)
Information: State dependent leakage is now switched from on to off.

  Beginning Pass 1 Mapping
  ------------------------
  Processing 'bbox_SIGFIG24_RADIX10_VERTS3_AXIS3_COLORS3_PIPE_DEPTH3'
 Implement Synthetic for 'bbox_SIGFIG24_RADIX10_VERTS3_AXIS3_COLORS3_PIPE_DEPTH3'.
Information: Added key list 'DesignWare' to design 'bbox_SIGFIG24_RADIX10_VERTS3_AXIS3_COLORS3_PIPE_DEPTH3'. (DDB-72)
  Processing 'rast'
  Processing 'sampletest_SIGFIG24_RADIX10_VERTS3_AXIS3_COLORS3_PIPE_DEPTH2'
 Implement Synthetic for 'sampletest_SIGFIG24_RADIX10_VERTS3_AXIS3_COLORS3_PIPE_DEPTH2'.
  Processing 'dff_retime_WIDTH24_PIPE_DEPTH2_RETIME_STATUS1_0'
 Implement Synthetic for 'dff_retime_WIDTH24_PIPE_DEPTH2_RETIME_STATUS1_0'.
  Processing 'DW_pl_reg_width24_in_reg0_stages3_out_reg0_rst_mode0'
Information: Added key list 'DesignWare' to design 'dff_retime_WIDTH24_PIPE_DEPTH2_RETIME_STATUS1_0'. (DDB-72)
  Processing 'dff_retime_WIDTH24_PIPE_DEPTH1_RETIME_STATUS1_0'
 Implement Synthetic for 'dff_retime_WIDTH24_PIPE_DEPTH1_RETIME_STATUS1_0'.
  Processing 'DW_pl_reg_width24_in_reg0_stages2_out_reg0_rst_mode0'
Information: Added key list 'DesignWare' to design 'dff_retime_WIDTH24_PIPE_DEPTH1_RETIME_STATUS1_0'. (DDB-72)
  Processing 'dff_WIDTH24_PIPE_DEPTH1_RETIME_STATUS0_13'
 Implement Synthetic for 'dff_WIDTH24_PIPE_DEPTH1_RETIME_STATUS0_13'.
  Processing 'DW_pl_reg_width24_in_reg0_stages2_out_reg0_rst_mode0'
Information: Added key list 'DesignWare' to design 'dff_WIDTH24_PIPE_DEPTH1_RETIME_STATUS0_13'. (DDB-72)
  Processing 'dff_WIDTH24_PIPE_DEPTH1_RETIME_STATUS0_0'
 Implement Synthetic for 'dff_WIDTH24_PIPE_DEPTH1_RETIME_STATUS0_0'.
  Processing 'DW_pl_reg_width24_in_reg0_stages2_out_reg0_rst_mode0'
Information: Added key list 'DesignWare' to design 'dff_WIDTH24_PIPE_DEPTH1_RETIME_STATUS0_0'. (DDB-72)
  Processing 'dff_retime_WIDTH1_PIPE_DEPTH2_RETIME_STATUS1'
 Implement Synthetic for 'dff_retime_WIDTH1_PIPE_DEPTH2_RETIME_STATUS1'.
  Processing 'DW_pl_reg_width1_in_reg0_stages3_out_reg0_rst_mode0'
Information: Added key list 'DesignWare' to design 'dff_retime_WIDTH1_PIPE_DEPTH2_RETIME_STATUS1'. (DDB-72)
  Processing 'dff_WIDTH1_PIPE_DEPTH1_RETIME_STATUS0_1'
 Implement Synthetic for 'dff_WIDTH1_PIPE_DEPTH1_RETIME_STATUS0_1'.
  Processing 'DW_pl_reg_width1_in_reg0_stages2_out_reg0_rst_mode0'
Information: Added key list 'DesignWare' to design 'dff_WIDTH1_PIPE_DEPTH1_RETIME_STATUS0_1'. (DDB-72)
  Processing 'dff_WIDTH1_PIPE_DEPTH1_RETIME_STATUS0_0'
 Implement Synthetic for 'dff_WIDTH1_PIPE_DEPTH1_RETIME_STATUS0_0'.
  Processing 'DW_pl_reg_width1_in_reg0_stages2_out_reg0_rst_mode0'
Information: Added key list 'DesignWare' to design 'dff_WIDTH1_PIPE_DEPTH1_RETIME_STATUS0_0'. (DDB-72)
  Processing 'dff_retime_WIDTH1_PIPE_DEPTH1_RETIME_STATUS1'
 Implement Synthetic for 'dff_retime_WIDTH1_PIPE_DEPTH1_RETIME_STATUS1'.
  Processing 'DW_pl_reg_width1_in_reg0_stages2_out_reg0_rst_mode0'
Information: Added key list 'DesignWare' to design 'dff_retime_WIDTH1_PIPE_DEPTH1_RETIME_STATUS1'. (DDB-72)
Information: Building the design 'test_iterator' instantiated from design 'rast' with
	the parameters "SIGFIG=24,RADIX=10,VERTS=3,AXIS=3,COLORS=3,PIPE_DEPTH=1". (HDL-193)
Warning: Cannot find the design 'test_iterator' in the library 'WORK'. (LBR-1)
Information: Building the design 'hash_jtree' instantiated from design 'rast' with
	the parameters "SIGFIG=24,RADIX=10,VERTS=3,AXIS=3,COLORS=3,PIPE_DEPTH=2". (HDL-193)
Warning: Cannot find the design 'hash_jtree' in the library 'WORK'. (LBR-1)
Warning: Unable to resolve reference 'test_iterator' in 'rast'. (LINK-5)
Warning: Unable to resolve reference 'hash_jtree' in 'rast'. (LINK-5)
Warning: Design 'rast' has '2' unresolved references. For more detailed information, use the "link" command. (UID-341)

  Updating timing information
Information: Updating design information... (UID-85)
Information: Ungrouping hierarchy bbox/d_bbx_r4. (OPT-772)
Information: Ungrouping hierarchy bbox/d_bbx_f4. (OPT-772)
Information: Ungrouping hierarchy bbox/d_bbx_r2/genblk1[2].genblk1.dff_pipe. (OPT-772)
Information: Ungrouping hierarchy bbox/d_bbx_f2/genblk1[2].genblk1.dff_pipe. (OPT-772)
Information: Ungrouping hierarchy sampletest/d_samp_r3. (OPT-772)
Warning: Design 'sampletest_SIGFIG24_RADIX10_VERTS3_AXIS3_COLORS3_PIPE_DEPTH2' inherited license information from design 'dff_retime_WIDTH1_PIPE_DEPTH1_RETIME_STATUS1'. (DDB-74)
Information: Added key list 'DesignWare' to design 'sampletest_SIGFIG24_RADIX10_VERTS3_AXIS3_COLORS3_PIPE_DEPTH2'. (DDB-72)
Information: Ungrouping hierarchy sampletest/d_samp_f3. (OPT-772)
Information: Ungrouping hierarchy sampletest/d_samp_r1/genblk1[2].genblk1.dff_pipe. (OPT-772)
Information: Ungrouping hierarchy sampletest/d_samp_f2/genblk1[2].genblk1.dff_pipe. (OPT-772)
Information: Ungrouping hierarchy bbox/d_bbx_r3/genblk1[1].dff_arr/genblk1[0].genblk1.dff_pipe. (OPT-772)
Information: Ungrouping hierarchy bbox/d_bbx_r3/genblk1[1].dff_arr/genblk1[1].genblk1.dff_pipe. (OPT-772)
Information: Ungrouping hierarchy bbox/d_bbx_r1/genblk1[0].dff_arr/genblk1[0].genblk1.dff_pipe. (OPT-772)
Information: Ungrouping hierarchy bbox/d_bbx_r1/genblk1[0].dff_arr/genblk1[1].genblk1.dff_pipe. (OPT-772)
Information: Ungrouping hierarchy bbox/d_bbx_r1/genblk1[0].dff_arr/genblk1[2].genblk1.dff_pipe. (OPT-772)
Information: Ungrouping hierarchy bbox/d_bbx_r1/genblk1[1].dff_arr/genblk1[0].genblk1.dff_pipe. (OPT-772)
Information: Ungrouping hierarchy bbox/d_bbx_r1/genblk1[1].dff_arr/genblk1[1].genblk1.dff_pipe. (OPT-772)
Information: Ungrouping hierarchy bbox/d_bbx_r1/genblk1[1].dff_arr/genblk1[2].genblk1.dff_pipe. (OPT-772)
Information: Ungrouping hierarchy bbox/d_bbx_r1/genblk1[2].dff_arr/genblk1[0].genblk1.dff_pipe. (OPT-772)
Information: Ungrouping hierarchy bbox/d_bbx_r1/genblk1[2].dff_arr/genblk1[1].genblk1.dff_pipe. (OPT-772)
Information: Ungrouping hierarchy bbox/d_bbx_r1/genblk1[2].dff_arr/genblk1[2].genblk1.dff_pipe. (OPT-772)
Information: Ungrouping hierarchy bbox/d_bbx_r3/genblk1[0].dff_arr/genblk1[0].genblk1.dff_pipe. (OPT-772)
Information: Ungrouping hierarchy bbox/d_bbx_r3/genblk1[0].dff_arr/genblk1[1].genblk1.dff_pipe. (OPT-772)
Information: Ungrouping hierarchy bbox/d_bbx_r2/genblk1[0].genblk1.dff_pipe. (OPT-772)
Information: Ungrouping hierarchy bbox/d_bbx_r2/genblk1[1].genblk1.dff_pipe. (OPT-772)
Information: Ungrouping hierarchy sampletest/d_samp_r2/genblk1[0].genblk1.dff_pipe. (OPT-772)
Information: Ungrouping hierarchy sampletest/d_samp_r2/genblk1[1].genblk1.dff_pipe. (OPT-772)
Information: Ungrouping hierarchy sampletest/d_samp_r2/genblk1[2].genblk1.dff_pipe. (OPT-772)
Information: Ungrouping hierarchy sampletest/d_samp_r1/genblk1[0].genblk1.dff_pipe. (OPT-772)
Information: Ungrouping hierarchy sampletest/d_samp_r1/genblk1[1].genblk1.dff_pipe. (OPT-772)
Information: Ungrouping hierarchy sampletest/d_samp_f1/genblk1[0].genblk1.dff_pipe. (OPT-772)
Information: Ungrouping hierarchy sampletest/d_samp_f1/genblk1[1].genblk1.dff_pipe. (OPT-772)
Information: Ungrouping hierarchy sampletest/d_samp_f1/genblk1[2].genblk1.dff_pipe. (OPT-772)
Information: Ungrouping hierarchy sampletest/d_samp_f2/genblk1[0].genblk1.dff_pipe. (OPT-772)
Information: Ungrouping hierarchy sampletest/d_samp_f2/genblk1[1].genblk1.dff_pipe. (OPT-772)
Information: Ungrouping hierarchy bbox/d_bbx_f3/genblk1[1].dff_arr/genblk1[0].genblk1.dff_pipe. (OPT-772)
Information: Ungrouping hierarchy bbox/d_bbx_f3/genblk1[1].dff_arr/genblk1[1].genblk1.dff_pipe. (OPT-772)
Information: Ungrouping hierarchy bbox/d_bbx_f1/genblk1[0].dff_arr/genblk1[0].genblk1.dff_pipe. (OPT-772)
Information: Ungrouping hierarchy bbox/d_bbx_f1/genblk1[0].dff_arr/genblk1[1].genblk1.dff_pipe. (OPT-772)
Information: Ungrouping hierarchy bbox/d_bbx_f1/genblk1[0].dff_arr/genblk1[2].genblk1.dff_pipe. (OPT-772)
Information: Ungrouping hierarchy bbox/d_bbx_f1/genblk1[1].dff_arr/genblk1[0].genblk1.dff_pipe. (OPT-772)
Information: Ungrouping hierarchy bbox/d_bbx_f1/genblk1[1].dff_arr/genblk1[1].genblk1.dff_pipe. (OPT-772)
Information: Ungrouping hierarchy bbox/d_bbx_f1/genblk1[1].dff_arr/genblk1[2].genblk1.dff_pipe. (OPT-772)
Information: Ungrouping hierarchy bbox/d_bbx_f1/genblk1[2].dff_arr/genblk1[0].genblk1.dff_pipe. (OPT-772)
Information: Ungrouping hierarchy bbox/d_bbx_f1/genblk1[2].dff_arr/genblk1[1].genblk1.dff_pipe. (OPT-772)
Information: Ungrouping hierarchy bbox/d_bbx_f1/genblk1[2].dff_arr/genblk1[2].genblk1.dff_pipe. (OPT-772)
Information: Ungrouping hierarchy bbox/d_bbx_f3/genblk1[0].dff_arr/genblk1[0].genblk1.dff_pipe. (OPT-772)
Information: Ungrouping hierarchy bbox/d_bbx_f3/genblk1[0].dff_arr/genblk1[1].genblk1.dff_pipe. (OPT-772)
Information: Ungrouping hierarchy bbox/d_bbx_f2/genblk1[0].genblk1.dff_pipe. (OPT-772)
Information: Ungrouping hierarchy bbox/d_bbx_f2/genblk1[1].genblk1.dff_pipe. (OPT-772)
Information: The register 'bbox/d_bbx_r3/genblk1[0].dff_arr/genblk1[1].genblk1.dff_pipe/genblk1.dff_pipe/data_pipe_a_reg[1][23]' is a constant and will be removed. (OPT-1206)
Information: The register 'bbox/d_bbx_r3/genblk1[0].dff_arr/genblk1[1].genblk1.dff_pipe/genblk1.dff_pipe/data_pipe_a_reg[2][23]' is a constant and will be removed. (OPT-1206)
Information: The register 'bbox/d_bbx_r3/genblk1[0].dff_arr/genblk1[0].genblk1.dff_pipe/genblk1.dff_pipe/data_pipe_a_reg[1][23]' is a constant and will be removed. (OPT-1206)
Information: The register 'bbox/d_bbx_r3/genblk1[0].dff_arr/genblk1[0].genblk1.dff_pipe/genblk1.dff_pipe/data_pipe_a_reg[2][23]' is a constant and will be removed. (OPT-1206)

  Beginning Mapping Optimizations  (Ultra High effort)
  -------------------------------
Information: Checking pipeline property of design rast. (RTDC-137)
Information: Pipeline detection aborted. Reason: net tri_R13S[2][2][23] is multidriver net. (RTDC-138)
Information: Aborted pipeline detection on design rast. (RTDC-140)
  Mapping Optimization (Phase 1)
  Mapping Optimization (Phase 2)
  Mapping Optimization (Phase 3)
  Mapping Optimization (Phase 4)
  Mapping Optimization (Phase 5)
  Mapping Optimization (Phase 6)
  Mapping Optimization (Phase 7)
  Mapping Optimization (Phase 8)
  Mapping Optimization (Phase 9)
  Mapping Optimization (Phase 10)
  Mapping Optimization (Phase 11)
Information: Checkpoint guidance is generated in the .svf file. (INFO-122)
  Retiming rast (top)
Warning: A black box cell test_iterator is 	found on the clock tree.  (RTDC-103)
Warning: A black box cell hash_jtree is 	found on the clock tree.  (RTDC-103)
Warning: No clock net driving clock pin of cell 'bbox/rounded_box_R10S_reg[1][1][0]'. (RTDC-5)
Warning: No clock net driving clock pin of cell 'bbox/rounded_box_R10S_reg[1][1][1]'. (RTDC-5)
Warning: No clock net driving clock pin of cell 'bbox/rounded_box_R10S_reg[1][1][2]'. (RTDC-5)
Warning: No clock net driving clock pin of cell 'bbox/rounded_box_R10S_reg[1][0][0]'. (RTDC-5)
Warning: No clock net driving clock pin of cell 'bbox/rounded_box_R10S_reg[1][0][1]'. (RTDC-5)
Warning: No clock net driving clock pin of cell 'bbox/rounded_box_R10S_reg[1][0][2]'. (RTDC-5)
Warning: No clock net driving clock pin of cell 'bbox/rounded_box_R10S_reg[0][1][0]'. (RTDC-5)
Warning: No clock net driving clock pin of cell 'bbox/rounded_box_R10S_reg[0][1][1]'. (RTDC-5)
Warning: No clock net driving clock pin of cell 'bbox/rounded_box_R10S_reg[0][1][2]'. (RTDC-5)
Warning: No clock net driving clock pin of cell 'bbox/rounded_box_R10S_reg[0][0][0]'. (RTDC-5)
Warning: No clock net driving clock pin of cell 'bbox/rounded_box_R10S_reg[0][0][1]'. (RTDC-5)
Warning: No clock net driving clock pin of cell 'bbox/rounded_box_R10S_reg[0][0][2]'. (RTDC-5)
  Preferred flip-flop is DFFS_X1 with setup = 0.04

Warning: Cell 'hash_jtree' has no timing information. Treating it 
	like an external module. (RTDC-32)
Warning: Cell 'test_iterator' has no timing information. Treating it 
	like an external module. (RTDC-32)

  Retiming base-clock clk, rising edge.
  Beginning minimum period retiming ...
  ... minimum period retiming done.
  Beginning minimum area retiming step 1 ...
  ... minimum area retiming step 1 done.
  Beginning minimum area retiming step 2 ...
  5% 10% 15% 20% 25% 30% 35% 40% 45% 50% 55% 60% 65% 70% 75% 80% 85% 90% 95% 100% 
  ... minimum area retiming step 2 done.
  Beginning minimum area retiming step 3 ...
  10%   ... minimum area retiming step 1 done.
  Beginning minimum area retiming step 2 ...
  5% 10% 15% 20% 25% 30% 35% 40% 45% 50% 55% 60% 65% 70% 75% 80% 85% 90% 95% 100% 
  ... minimum area retiming step 2 done.
  Beginning minimum area retiming step 3 ...
  10% 20% 30% 40% 50% 60% 70% 80% ... 100% 
  ... minimum area retiming step 3 done.
  Beginning final register move ...
  ... final register move done.
  Lower bound estimate = 3.49
  Critical path length = 3.49
  Clock correction = 0.12 (clock-to-Q delay = 0.09, setup = 0.04, uncertainty = 0.00)
Information: Ungrouping hierarchy bbox 'bbox_SIGFIG24_RADIX10_VERTS3_AXIS3_COLORS3_PIPE_DEPTH3' #insts = 5927. (OPT-777)
Information: Added key list 'DesignWare' to design 'rast'. (DDB-72)
  Mapping Optimization (Phase 12)
  Mapping Optimization (Phase 13)
  Mapping Optimization (Phase 14)
  Mapping Optimization (Phase 15)
  Mapping Optimization (Phase 16)
  Mapping Optimization (Phase 17)
  Mapping Optimization (Phase 18)
  Mapping Optimization (Phase 19)
  Mapping Optimization (Phase 20)
  Mapping Optimization (Phase 21)
  Mapping Optimization (Phase 22)
  Mapping Optimization (Phase 23)

                                  TOTAL                                                
   ELAPSED            WORST NEG   SETUP    DESIGN                              LEAKAGE 
    TIME      AREA      SLACK     COST    RULE COST         ENDPOINT            POWER  
  --------- --------- --------- --------- --------- ------------------------- ---------
    0:06:42   32236.5      1.07      72.7    2291.6 bbox/clk_r_REG49_S1/D     684994.6875
    0:06:42   32236.5      1.07      72.7    2291.6 bbox/clk_r_REG49_S1/D     684994.6875

  Beginning Constant Register Removal
  -----------------------------------

  Beginning Global Optimizations
  ------------------------------
  Numerical Synthesis (Phase 1)
  Numerical Synthesis (Phase 2)
  Global Optimization (Phase 1)
  Global Optimization (Phase 2)
  Global Optimization (Phase 3)
  Global Optimization (Phase 4)
  Global Optimization (Phase 5)
  Global Optimization (Phase 6)
  Global Optimization (Phase 7)
  Global Optimization (Phase 8)
  Global Optimization (Phase 9)
  Global Optimization (Phase 10)
  Global Optimization (Phase 11)
  Global Optimization (Phase 12)
  Global Optimization (Phase 13)
  Global Optimization (Phase 14)
  Global Optimization (Phase 15)
  Global Optimization (Phase 16)
  Global Optimization (Phase 17)
  Global Optimization (Phase 18)
  Global Optimization (Phase 19)
  Global Optimization (Phase 20)
  Global Optimization (Phase 21)
  Global Optimization (Phase 22)
  Global Optimization (Phase 23)
  Global Optimization (Phase 24)
  Global Optimization (Phase 25)
  Global Optimization (Phase 26)
  Global Optimization (Phase 27)
  Global Optimization (Phase 28)
  Global Optimization (Phase 29)
  Global Optimization (Phase 30)

  Beginning Isolate Ports
  -----------------------

  Beginning Delay Optimization
  ----------------------------
    0:06:58   29570.4      1.13      67.0    2269.2                           587196.1250
    0:07:06   29796.8      0.93      61.3    2198.2                           596497.0000
    0:07:06   29796.8      0.93      61.3    2198.2                           596497.0000
    0:07:07   29798.4      0.93      62.3    2198.2                           596616.3125

  Beginning WLM Backend Optimization
  --------------------------------------
