Command: /home/users/jh99/Desktop/ee271/project-part-1/simv -l /home/users/jh99/Desktop/ee271/project-part-1/simv.log +testname=/afs/ir.stanford.edu/class/ee271/project/vect/vec_271_03_sv_short.dat
Chronologic VCS simulator copyright 1991-2017
Contains Synopsys proprietary information.
Compiler version M-2017.03_Full64; Runtime version M-2017.03_Full64;  Nov 22 19:58 2024
time=         0 ************** Driver Is Initializing Input Signals *****************
time=         0 ************** Loading Arguments *****************
Simulation run with default random seed=12345
Simulation will timout after 50000000 cycles
Simulation will use test file /afs/ir.stanford.edu/class/ee271/project/vect/vec_271_03_sv_short.dat
Seed=      12345 
time=     15000 ************** Driver Is Initializing Test from File *****************
Setting screen params: w=800 h=600 msaa=16
time=     30000 ************** Initializing FB and ZB *****************
time=     30010 ************** Finished Init FB and ZB *****************
time=     45000 ************** Runnning Test *****************
time=     45000 ************** Driver Is Runnning Test -->/afs/ir.stanford.edu/class/ee271/project/vect/vec_271_03_sv_short.dat<-- *****************
time=     49000 	         0 samples processed,          0 of them hit
time=     50000 	         0 samples processed,          0 of them hit
time=     51000 	         0 samples processed,          0 of them hit
time=     52000 	         0 samples processed,          0 of them hit
time=     53000 	         0 samples processed,          0 of them hit
time=     54000 	         0 samples processed,          0 of them hit
time=     55000 	         0 samples processed,          0 of them hit
time= 104329000 	    100000 samples processed,      18064 of them hit
time= 208562000 	    200000 samples processed,      29754 of them hit
time= 244787000 ************** Driver Is Done *****************
time= 244802010 ************** Writing Final Image to File *****************
time= 244802030 ************** Finished Final Image to File *****************
time= 244802040 ********************FINISH***********************
Cycles:      244754 triangle:       10001 sampleTests:      234748 sampleHits:       37746 

JJ: triangle / cycle : 0.040861 
JJ: cycle / triangle : 24.472953 
$finish called from file "verif/testbench.sv", line 306.
$finish at simulation time            244802040
           V C S   S i m u l a t i o n   R e p o r t 
Time: 244802040 ns
CPU Time:     13.140 seconds;       Data structure size:   0.2Mb
Fri Nov 22 19:58:25 2024
